c:\users\sergelaptoprig\documents\github\cplusplusproject1\cplusplusproject1\cplusplusproject1\debug\vc140.pdb
c:\users\sergelaptoprig\documents\github\cplusplusproject1\cplusplusproject1\cplusplusproject1\debug\vc140.idb
c:\users\sergelaptoprig\documents\github\cplusplusproject1\cplusplusproject1\cplusplusproject1\debug\area.obj
c:\users\sergelaptoprig\documents\github\cplusplusproject1\cplusplusproject1\cplusplusproject1\debug\game.obj
c:\users\sergelaptoprig\documents\github\cplusplusproject1\cplusplusproject1\cplusplusproject1\debug\gameparser.obj
c:\users\sergelaptoprig\documents\github\cplusplusproject1\cplusplusproject1\cplusplusproject1\debug\helperfunctions.obj
c:\users\sergelaptoprig\documents\github\cplusplusproject1\cplusplusproject1\cplusplusproject1\debug\main.obj
c:\users\sergelaptoprig\documents\github\cplusplusproject1\cplusplusproject1\cplusplusproject1\debug\player.obj
c:\users\sergelaptoprig\documents\github\cplusplusproject1\cplusplusproject1\cplusplusproject1\debug\room.obj
c:\users\sergelaptoprig\documents\github\cplusplusproject1\cplusplusproject1\debug\cplusplusproject1.pdb
c:\users\sergelaptoprig\documents\github\cplusplusproject1\cplusplusproject1\cplusplusproject1\debug\cplusplu.97e3dfe3.tlog\cl.command.1.tlog
c:\users\sergelaptoprig\documents\github\cplusplusproject1\cplusplusproject1\cplusplusproject1\debug\cplusplu.97e3dfe3.tlog\cl.read.1.tlog
c:\users\sergelaptoprig\documents\github\cplusplusproject1\cplusplusproject1\cplusplusproject1\debug\cplusplu.97e3dfe3.tlog\cl.write.1.tlog
c:\users\sergelaptoprig\documents\github\cplusplusproject1\cplusplusproject1\cplusplusproject1\debug\cplusplu.97e3dfe3.tlog\link-cvtres.read.1.tlog
c:\users\sergelaptoprig\documents\github\cplusplusproject1\cplusplusproject1\cplusplusproject1\debug\cplusplu.97e3dfe3.tlog\link-cvtres.write.1.tlog
c:\users\sergelaptoprig\documents\github\cplusplusproject1\cplusplusproject1\cplusplusproject1\debug\cplusplu.97e3dfe3.tlog\link-rc.read.1.tlog
c:\users\sergelaptoprig\documents\github\cplusplusproject1\cplusplusproject1\cplusplusproject1\debug\cplusplu.97e3dfe3.tlog\link-rc.write.1.tlog
c:\users\sergelaptoprig\documents\github\cplusplusproject1\cplusplusproject1\cplusplusproject1\debug\cplusplu.97e3dfe3.tlog\link.command.1.tlog
c:\users\sergelaptoprig\documents\github\cplusplusproject1\cplusplusproject1\cplusplusproject1\debug\cplusplu.97e3dfe3.tlog\link.read.1.tlog
c:\users\sergelaptoprig\documents\github\cplusplusproject1\cplusplusproject1\cplusplusproject1\debug\cplusplu.97e3dfe3.tlog\link.write.1.tlog
